log started: Mon Oct 29 13:53:51 2012

Log file: ./leap.log
> #
> # ----- leaprc for loading the ff03 (Duan et al.) force field
> #
> #	load atom type hybridizations
> #
> addAtomTypes {
> 	{ "H"   "H" "sp3" }
> 	{ "HO"  "H" "sp3" }
> 	{ "HS"  "H" "sp3" }
> 	{ "H1"  "H" "sp3" }
> 	{ "H2"  "H" "sp3" }
> 	{ "H3"  "H" "sp3" }
> 	{ "H4"  "H" "sp3" }
> 	{ "H5"  "H" "sp3" }
> 	{ "HW"  "H" "sp3" }
> 	{ "HC"  "H" "sp3" }
> 	{ "HA"  "H" "sp3" }
> 	{ "HP"  "H" "sp3" }
> 	{ "OH"  "O" "sp3" }
> 	{ "OS"  "O" "sp3" }
> 	{ "O"   "O" "sp2" }
> 	{ "O2"  "O" "sp2" }
> 	{ "OW"  "O" "sp3" }
> 	{ "CT"  "C" "sp3" }
> 	{ "CH"  "C" "sp3" }
> 	{ "C2"  "C" "sp3" }
> 	{ "C3"  "C" "sp3" }
> 	{ "C"   "C" "sp2" }
> 	{ "C*"  "C" "sp2" }
> 	{ "CA"  "C" "sp2" }
> 	{ "CB"  "C" "sp2" }
> 	{ "CC"  "C" "sp2" }
> 	{ "CN"  "C" "sp2" }
> 	{ "CM"  "C" "sp2" }
> 	{ "CK"  "C" "sp2" }
> 	{ "CQ"  "C" "sp2" }
> 	{ "CD"  "C" "sp2" }
> 	{ "CE"  "C" "sp2" }
> 	{ "CF"  "C" "sp2" }
> 	{ "CP"  "C" "sp2" }
> 	{ "CI"  "C" "sp2" }
> 	{ "CJ"  "C" "sp2" }
> 	{ "CW"  "C" "sp2" }
> 	{ "CV"  "C" "sp2" }
> 	{ "CR"  "C" "sp2" }
> 	{ "CA"  "C" "sp2" }
> 	{ "CY"  "C" "sp2" }
> 	{ "C0"  "C" "sp2" }
> 	{ "MG"  "Mg" "sp3" }
> 	{ "N"   "N" "sp2" }
> 	{ "NA"  "N" "sp2" }
> 	{ "N2"  "N" "sp2" }
> 	{ "N*"  "N" "sp2" }
> 	{ "NP"  "N" "sp2" }
> 	{ "NQ"  "N" "sp2" }
> 	{ "NB"  "N" "sp2" }
> 	{ "NC"  "N" "sp2" }
> 	{ "NT"  "N" "sp3" }
> 	{ "N3"  "N" "sp3" }
> 	{ "S"   "S" "sp3" }
> 	{ "SH"  "S" "sp3" }
> 	{ "P"   "P" "sp3" }
> 	{ "LP"  ""  "sp3" }
> 	{ "F"   "F" "sp3" }
> 	{ "CL"  "Cl" "sp3" }
> 	{ "BR"  "Br" "sp3" }
> 	{ "I"   "I"  "sp3" }
> 	{ "FE"  "Fe" "sp3" }
> # things should be there
>         { "IM"  "Cl" "sp3" }
>         { "IP"  "Na" "sp3" }
>         { "Li"  "Li"  "sp3" }
>         { "K"  "K"  "sp3" }
>         { "Rb"  "Rb"  "sp3" }
>         { "Cs"  "Cs"  "sp3" }
>         { "Zn"  "Zn"  "sp3" }
>         { "IB"  "Na"  "sp3" }
> # "new" types
> 	{ "H0"  "H" "sp3" }
> 
> }
> #
> #	Load the main parameter set.
> #
> parm99 = loadamberparams parm99.dat
Loading parameters: /apps/amber/amber11/dat/leap/parm/parm99.dat
Reading title:
PARM99 for DNA,RNA,AA, organic molecules, TIP3P wat. Polariz.& LP incl.02/04/99
(UNKNOWN ATOM TYPE: HZ)
(UNKNOWN ATOM TYPE: NY)
(UNKNOWN ATOM TYPE: LP)
> frcmod03 = loadamberparams frcmod.ff03
Loading parameters: /apps/amber/amber11/dat/leap/parm/frcmod.ff03
Reading force field modification type file (frcmod)
Reading title:
Duan et al ff03 phi psi torsions
> 
> #
> #   Load water and ions
> #
> loadOff ions94.lib
Loading library: /apps/amber/amber11/dat/leap/lib/ions94.lib
Loading: CIO
Loading: Cl-
Loading: Cs+
Loading: IB
Loading: K+
Loading: Li+
Loading: MG2
Loading: Na+
Loading: Rb+
> loadOff solvents.lib
Loading library: /apps/amber/amber11/dat/leap/lib/solvents.lib
Loading: CHCL3BOX
Loading: DC4
Loading: MEOHBOX
Loading: NMABOX
Loading: PL3
Loading: POL3BOX
Loading: QSPCFWBOX
Loading: SPC
Loading: SPCBOX
Loading: SPCFWBOX
Loading: SPF
Loading: SPG
Loading: T4E
Loading: TIP3PBOX
Loading: TIP3PFBOX
Loading: TIP4PBOX
Loading: TIP4PEWBOX
Loading: TP3
Loading: TP4
Loading: TP5
Loading: TPF
> HOH = TP3
> WAT = TP3
> 
> #
> #  Load the existing 94 lib for nucleic acids and C- and N- terminal groups
> #
> #
> #	Load DNA/RNA libraries
> #
> loadOff all_nucleic94.lib
Loading library: /apps/amber/amber11/dat/leap/lib/all_nucleic94.lib
Loading: DA
Loading: DA3
Loading: DA5
Loading: DAN
Loading: DC
Loading: DC3
Loading: DC5
Loading: DCN
Loading: DG
Loading: DG3
Loading: DG5
Loading: DGN
Loading: DT
Loading: DT3
Loading: DT5
Loading: DTN
Loading: RA
Loading: RA3
Loading: RA5
Loading: RAN
Loading: RC
Loading: RC3
Loading: RC5
Loading: RCN
Loading: RG
Loading: RG3
Loading: RG5
Loading: RGN
Loading: RU
Loading: RU3
Loading: RU5
Loading: RUN
> #
> #	Load main chain and terminating 
> #	amino acid libraries.
> #
> loadOff all_aminoct94.lib
Loading library: /apps/amber/amber11/dat/leap/lib/all_aminoct94.lib
Loading: CALA
Loading: CARG
Loading: CASN
Loading: CASP
Loading: CCYS
Loading: CCYX
Loading: CGLN
Loading: CGLU
Loading: CGLY
Loading: CHID
Loading: CHIE
Loading: CHIP
Loading: CILE
Loading: CLEU
Loading: CLYS
Loading: CMET
Loading: CPHE
Loading: CPRO
Loading: CSER
Loading: CTHR
Loading: CTRP
Loading: CTYR
Loading: CVAL
Loading: NHE
Loading: NME
> loadOff all_aminont94.lib
Loading library: /apps/amber/amber11/dat/leap/lib/all_aminont94.lib
Loading: ACE
Loading: NALA
Loading: NARG
Loading: NASN
Loading: NASP
Loading: NCYS
Loading: NCYX
Loading: NGLN
Loading: NGLU
Loading: NGLY
Loading: NHID
Loading: NHIE
Loading: NHIP
Loading: NILE
Loading: NLEU
Loading: NLYS
Loading: NMET
Loading: NPHE
Loading: NPRO
Loading: NSER
Loading: NTHR
Loading: NTRP
Loading: NTYR
Loading: NVAL
> loadOff all_amino03.lib
Loading library: /apps/amber/amber11/dat/leap/lib/all_amino03.lib
Loading: ACE
Loading: ALA
Loading: ARG
Loading: ASH
Loading: ASN
Loading: ASP
Loading: CYM
Loading: CYS
Loading: CYX
Loading: GLH
Loading: GLN
Loading: GLU
Loading: GLY
Loading: HID
Loading: HIE
Loading: HIP
Loading: ILE
Loading: LEU
Loading: LYN
Loading: LYS
Loading: MET
Loading: NHE
Loading: NME
Loading: PHE
Loading: PRO
Loading: SER
Loading: THR
Loading: TRP
Loading: TYR
Loading: VAL
> 
> #
> #	Define the PDB name map for the amino acids and DNA.
> #
> addPdbResMap {
>   { 0 "ALA" "NALA" } { 1 "ALA" "CALA" }
>   { 0 "ARG" "NARG" } { 1 "ARG" "CARG" }
>   { 0 "ASN" "NASN" } { 1 "ASN" "CASN" }
>   { 0 "ASP" "NASP" } { 1 "ASP" "CASP" }
>   { 0 "CYS" "NCYS" } { 1 "CYS" "CCYS" }
>   { 0 "CYX" "NCYX" } { 1 "CYX" "CCYX" }
>   { 0 "GLN" "NGLN" } { 1 "GLN" "CGLN" }
>   { 0 "GLU" "NGLU" } { 1 "GLU" "CGLU" }
>   { 0 "GLY" "NGLY" } { 1 "GLY" "CGLY" }
>   { 0 "HID" "NHID" } { 1 "HID" "CHID" }
>   { 0 "HIE" "NHIE" } { 1 "HIE" "CHIE" }
>   { 0 "HIP" "NHIP" } { 1 "HIP" "CHIP" }
>   { 0 "ILE" "NILE" } { 1 "ILE" "CILE" }
>   { 0 "LEU" "NLEU" } { 1 "LEU" "CLEU" }
>   { 0 "LYS" "NLYS" } { 1 "LYS" "CLYS" }
>   { 0 "MET" "NMET" } { 1 "MET" "CMET" }
>   { 0 "PHE" "NPHE" } { 1 "PHE" "CPHE" }
>   { 0 "PRO" "NPRO" } { 1 "PRO" "CPRO" }
>   { 0 "SER" "NSER" } { 1 "SER" "CSER" }
>   { 0 "THR" "NTHR" } { 1 "THR" "CTHR" }
>   { 0 "TRP" "NTRP" } { 1 "TRP" "CTRP" }
>   { 0 "TYR" "NTYR" } { 1 "TYR" "CTYR" }
>   { 0 "VAL" "NVAL" } { 1 "VAL" "CVAL" }
>   { 0 "HIS" "NHIS" } { 1 "HIS" "CHIS" }
>   { 0 "GUA" "DG5"  } { 1 "GUA" "DG3"  } { "GUA" "DG" }
>   { 0 "ADE" "DA5"  } { 1 "ADE" "DA3"  } { "ADE" "DA" }
>   { 0 "CYT" "DC5"  } { 1 "CYT" "DC3"  } { "CYT" "DC" }
>   { 0 "THY" "DT5"  } { 1 "THY" "DT3"  } { "THY" "DT" }
>   { 0 "G" "DG5"  } { 1 "G" "DG3"  } { "G" "DG" } { "GN" "DGN" }
>   { 0 "A" "DA5"  } { 1 "A" "DA3"  } { "A" "DA" } { "AN" "DAN" }
>   { 0 "C" "DC5"  } { 1 "C" "DC3"  } { "C" "DC" } { "CN" "DCN" }
>   { 0 "T" "DT5"  } { 1 "T" "DT3"  } { "T" "DT" } { "TN" "DTN" }
>   { 0 "C5" "DC5" }
>   { 0 "G5" "DG5" }
>   { 0 "A5" "DA5" }
>   { 0 "T5" "DT5" }
>   { 1 "C3" "DC3" }
>   { 1 "G3" "DG3" }
>   { 1 "A3" "DA3" }
>   { 1 "T3" "DT3" }
> 
> }
> 
> addPdbAtomMap {
>   { "O5*" "O5'" }
>   { "C5*" "C5'" }
>   { "C4*" "C4'" }
>   { "O4*" "O4'" }
>   { "C3*" "C3'" }
>   { "O3*" "O3'" }
>   { "C2*" "C2'" }
>   { "C1*" "C1'" }
>   { "C5M" "C7"  }
>   { "H1*" "H1'" }
>   { "H2*1" "H2'1" }
>   { "H2*2" "H2'2" }
>   { "H3*" "H3'" }
>   { "H4*" "H4'" }
>   { "H5*1" "H5'1" }
>   { "H5*2" "H5'2" }
> # old ff atom names -> new
>   { "O1'" "O4'" }
>   { "OA"  "O1P" }
>   { "OB"  "O2P" }
> }
> 
> 
> #
> # assumed that most often proteins use HIE
> #
> NHIS = NHIE
> HIS = HIE
> CHIS = CHIE
 
> mol = sequence {GLY GLY GLY GLY}
Sequence: GLY
Sequence: GLY
Joining GLY - GLY
Sequence: GLY
Joining GLY - GLY
Sequence: GLY
Joining GLY - GLY
> edit mol
Unit Editor: Gradient RMS=0.920302
Unit Editor: Search terminated when RMS gradient became small enough!
Unit Editor: Number of conjugate gradient steps taken: 5
Unit Editor: Gradient RMS=0.345062
Unit Editor: Gradient RMS=0.250095
Unit Editor: Gradient RMS=0.331800
Unit Editor: Gradient RMS=0.099170
Unit Editor: Gradient RMS=0.069490
Unit Editor: Gradient RMS=0.088757
Unit Editor: Gradient RMS=0.073282
Unit Editor: Gradient RMS=0.073931
Unit Editor: Gradient RMS=0.054483
Unit Editor: Gradient RMS=0.221713
Unit Editor: Gradient RMS=0.198626
Unit Editor: Gradient RMS=0.075601
Unit Editor: Gradient RMS=0.079994
Unit Editor: Gradient RMS=0.087774
Unit Editor: Gradient RMS=0.083959
Unit Editor: Gradient RMS=0.089275
Unit Editor: Gradient RMS=0.040790
Unit Editor: Gradient RMS=0.171890
Unit Editor: Gradient RMS=0.304558
Unit Editor: Gradient RMS=0.114534
Unit Editor: Gradient RMS=0.088427
Unit Editor: Gradient RMS=0.074554
Unit Editor: Gradient RMS=0.081979
Unit Editor: Gradient RMS=0.055134
Unit Editor: Gradient RMS=0.075163
Unit Editor: Gradient RMS=0.051650
Unit Editor: Gradient RMS=0.237344
Unit Editor: Gradient RMS=0.140787
Unit Editor: Gradient RMS=0.067521
Unit Editor: Gradient RMS=0.087473
Unit Editor: Gradient RMS=0.073633
Unit Editor: Gradient RMS=0.070035
Unit Editor: Gradient RMS=0.048626
Unit Editor: Gradient RMS=0.043659
Unit Editor: Gradient RMS=0.328453
Unit Editor: Gradient RMS=0.136245
Unit Editor: Gradient RMS=2.608060
Unit Editor: Gradient RMS=6.614375
Unit Editor: Gradient RMS=7.265340
Unit Editor: Gradient RMS=11.067856
Unit Editor: Gradient RMS=8.323721
Unit Editor: Gradient RMS=6.318428
Unit Editor: Gradient RMS=3.119828
Unit Editor: Gradient RMS=0.741597
Unit Editor: Gradient RMS=0.137577
Unit Editor: Gradient RMS=0.176143
Unit Editor: Gradient RMS=0.062435
Unit Editor: Gradient RMS=0.069137
Unit Editor: Gradient RMS=0.038447
Unit Editor: Search terminated when RMS gradient became small enough!
Unit Editor: Number of conjugate gradient steps taken: 488
Unit Editor: Gradient RMS=9.422941
Unit Editor: Gradient RMS=7.934100
Unit Editor: Gradient RMS=10.354823
Unit Editor: Gradient RMS=2.514047
Unit Editor: Gradient RMS=4.900094
Unit Editor: Gradient RMS=44.396233
Unit Editor: Gradient RMS=52.520037
Unit Editor: Gradient RMS=50.689142
Unit Editor: Gradient RMS=48.935512
Unit Editor: Gradient RMS=14.430333
Unit Editor: Gradient RMS=17.740332
Unit Editor: Gradient RMS=87.027456
Unit Editor: Gradient RMS=128.917750
Unit Editor: Gradient RMS=90.918045
Unit Editor: Gradient RMS=135.139267
Unit Editor: Gradient RMS=90.141311
Unit Editor: Gradient RMS=72.939279
Unit Editor: Gradient RMS=26.217759
Unit Editor: Gradient RMS=15.048079
Unit Editor: Gradient RMS=9.855364
Unit Editor: Gradient RMS=2.229327
Unit Editor: Gradient RMS=1.926004
Unit Editor: Gradient RMS=0.792830
Unit Editor: Gradient RMS=0.504832
Unit Editor: Gradient RMS=0.339468
Unit Editor: Gradient RMS=0.304978
Unit Editor: Gradient RMS=1.019706
Unit Editor: Gradient RMS=0.524660
Unit Editor: Gradient RMS=4.816958
Unit Editor: Gradient RMS=9.848103
Unit Editor: Gradient RMS=4.738654
Unit Editor: Gradient RMS=8.033878
Unit Editor: Gradient RMS=3.510773
Unit Editor: Gradient RMS=2.988258
Unit Editor: Gradient RMS=3.681170
Unit Editor: Gradient RMS=1.033603
Unit Editor: Gradient RMS=4.580969
Unit Editor: Gradient RMS=7.498958
Unit Editor: Gradient RMS=2.775903
Unit Editor: Gradient RMS=1.618295
Unit Editor: Gradient RMS=2.574288
Unit Editor: Gradient RMS=1.536896
Unit Editor: Gradient RMS=0.327312
Unit Editor: Gradient RMS=0.609010
Unit Editor: Gradient RMS=0.622474
Unit Editor: Gradient RMS=0.158839
Unit Editor: Gradient RMS=0.102937
Unit Editor: Gradient RMS=0.129368
Unit Editor: Gradient RMS=0.069140
Unit Editor: Gradient RMS=0.045124
Unit Editor: Gradient RMS=0.042044
Unit Editor: Gradient RMS=0.146209
Unit Editor: Gradient RMS=0.771696
Unit Editor: Gradient RMS=2.349257
Unit Editor: Gradient RMS=5.630851
Unit Editor: Gradient RMS=5.123942
Unit Editor: Gradient RMS=6.327714
Unit Editor: Gradient RMS=2.898438
Unit Editor: Gradient RMS=4.248813
Unit Editor: Gradient RMS=1.255001
Unit Editor: Gradient RMS=0.854096
Unit Editor: Gradient RMS=0.296152
Unit Editor: Gradient RMS=0.110718
Unit Editor: Gradient RMS=0.088503
Unit Editor: Gradient RMS=0.076332
Unit Editor: Gradient RMS=0.057604
Unit Editor: Gradient RMS=0.033970
Unit Editor: Search terminated when RMS gradient became small enough!
Unit Editor: Number of conjugate gradient steps taken: 664
> saveamberparm linearGGGG.prmtop linearGGGG.incrd
saveAmberParm: Improper number of arguments!
usage:  saveAmberParm <unit> <topologyfile> <coordfile> 
> saveamberparm mol linearGGGG.prmtop linearGGGG.incrd
Checking Unit.
Building topology.
Building atom parameters.
Building bond parameters.
Building angle parameters.
Building proper torsion parameters.
Building improper torsion parameters.
 total 6 improper torsions applied
Building H-Bond parameters.
Not Marking per-residue atom chain types.
Marking per-residue atom chain types.
 (no restraints)
> exit
ERROR: syntax error

> quit
	Quit
